#
# There is insufficient memory for the Java Runtime Environment to continue.
# Native memory allocation (malloc) failed to allocate 1048576 bytes for AllocateHeap
# Possible reasons:
#   The system is out of physical RAM or swap space
#   In 32 bit mode, the process size limit was hit
# Possible solutions:
#   Reduce memory load on the system
#   Increase physical memory or swap space
#   Check if swap backing store is full
#   Use 64 bit Java on a 64 bit OS
#   Decrease Java heap size (-Xmx/-Xms)
#   Decrease number of Java threads
#   Decrease Java thread stack sizes (-Xss)
#   Set larger code cache with -XX:ReservedCodeCacheSize=
# This output file may be truncated or incomplete.
#
#  Out of Memory Error (memory/allocation.inline.hpp:61), pid=17772, tid=0x0000000000000454
#
# JRE version:  (8.0_121-b13) (build )
# Java VM: Java HotSpot(TM) 64-Bit Server VM (25.121-b13 mixed mode windows-amd64 compressed oops)
# Failed to write core dump. Minidumps are not enabled by default on client versions of Windows
#

---------------  T H R E A D  ---------------

Current thread (0x000000000180e000):  JavaThread "Unknown thread" [_thread_in_vm, id=1108, stack(0x0000000003360000,0x0000000003460000)]

Stack: [0x0000000003360000,0x0000000003460000]
[error occurred during error reporting (printing stack bounds), id 0xc0000005]

Native frames: (J=compiled Java code, j=interpreted, Vv=VM code, C=native code)


---------------  P R O C E S S  ---------------

Java Threads: ( => current thread )

Other Threads:

=>0x000000000180e000 (exited) JavaThread "Unknown thread" [_thread_in_vm, id=1108, stack(0x0000000003360000,0x0000000003460000)]

VM state:not at safepoint (normal execution)

VM Mutex/Monitor currently owned by a thread: None

Heap:
 PSYoungGen      total 18944K, used 327K [0x00000000eb400000, 0x00000000ec900000, 0x0000000100000000)
  eden space 16384K, 2% used [0x00000000eb400000,0x00000000eb451ec8,0x00000000ec400000)
  from space 2560K, 0% used [0x00000000ec680000,0x00000000ec680000,0x00000000ec900000)
  to   space 2560K, 0% used [0x00000000ec400000,0x00000000ec400000,0x00000000ec680000)
 ParOldGen       total 44032K, used 0K [0x00000000c1c00000, 0x00000000c4700000, 0x00000000eb400000)
  object space 44032K, 0% used [0x00000000c1c00000,0x00000000c1c00000,0x00000000c4700000)
 Metaspace       used 752K, capacity 1092K, committed 1152K, reserved 1060864K
  class space    used 75K, capacity 384K, committed 384K, reserved 1048576K

Card table byte_map: [0x0000000012920000,0x0000000012b20000] byte_map_base: 0x0000000012312000

Marking Bits: (ParMarkBitMap*) 0x000000006c6cb6d0
 Begin Bits: [0x0000000013070000, 0x0000000014000000)
 End Bits:   [0x0000000014000000, 0x0000000014f90000)

Polling page: 0x0000000001350000

CodeCache: size=245760Kb used=328Kb max_used=328Kb free=245431Kb
 bounds [0x0000000003560000, 0x00000000037d0000, 0x0000000012560000]
 total_blobs=58 nmethods=0 adapters=38
 compilation: enabled

Compilation events (0 events):
No events

GC Heap History (0 events):
No events

Deoptimization events (0 events):
No events

Internal exceptions (0 events):
No events

Events (10 events):
Event: 0.037 loading class java/lang/Short
Event: 0.037 loading class java/lang/Short done
Event: 0.037 loading class java/lang/Integer
Event: 0.037 loading class java/lang/Integer done
Event: 0.037 loading class java/lang/Long
Event: 0.037 loading class java/lang/Long done
Event: 0.037 loading class java/lang/NullPointerException
Event: 0.037 loading class java/lang/NullPointerException done
Event: 0.037 loading class java/lang/ArithmeticException
Event: 0.038 loading class java/lang/ArithmeticException done


Dynamic libraries:
0x00007ff612720000 - 0x00007ff612757000 	C:\Program Files\Java\jre1.8.0_121\bin\javaw.exe
0x00007ffc128e0000 - 0x00007ffc12ad0000 	C:\WINDOWS\SYSTEM32\ntdll.dll
0x00007ffc110e0000 - 0x00007ffc11192000 	C:\WINDOWS\System32\KERNEL32.DLL
0x00007ffc10610000 - 0x00007ffc108b3000 	C:\WINDOWS\System32\KERNELBASE.dll
0x00007ffc11820000 - 0x00007ffc118c3000 	C:\WINDOWS\System32\ADVAPI32.dll
0x00007ffc12780000 - 0x00007ffc1281e000 	C:\WINDOWS\System32\msvcrt.dll
0x00007ffc119f0000 - 0x00007ffc11a87000 	C:\WINDOWS\System32\sechost.dll
0x00007ffc118d0000 - 0x00007ffc119f0000 	C:\WINDOWS\System32\RPCRT4.dll
0x00007ffc125e0000 - 0x00007ffc12774000 	C:\WINDOWS\System32\USER32.dll
0x00007ffc10440000 - 0x00007ffc10461000 	C:\WINDOWS\System32\win32u.dll
0x00007ffc11da0000 - 0x00007ffc11dc6000 	C:\WINDOWS\System32\GDI32.dll
0x00007ffc102a0000 - 0x00007ffc10434000 	C:\WINDOWS\System32\gdi32full.dll
0x00007ffc10200000 - 0x00007ffc1029e000 	C:\WINDOWS\System32\msvcp_win.dll
0x00007ffc0f870000 - 0x00007ffc0f96a000 	C:\WINDOWS\System32\ucrtbase.dll
0x00007ffc00f00000 - 0x00007ffc01185000 	C:\WINDOWS\WinSxS\amd64_microsoft.windows.common-controls_6595b64144ccf1df_6.0.18362.720_none_e6beb5c51314836b\COMCTL32.dll
0x00007ffc11400000 - 0x00007ffc11736000 	C:\WINDOWS\System32\combase.dll
0x00007ffc10910000 - 0x00007ffc10990000 	C:\WINDOWS\System32\bcryptPrimitives.dll
0x00007ffc117f0000 - 0x00007ffc1181e000 	C:\WINDOWS\System32\IMM32.DLL
0x000000006e560000 - 0x000000006e632000 	C:\Program Files\Java\jre1.8.0_121\bin\msvcr100.dll
0x000000006beb0000 - 0x000000006c74b000 	C:\Program Files\Java\jre1.8.0_121\bin\server\jvm.dll
0x00007ffc11300000 - 0x00007ffc11308000 	C:\WINDOWS\System32\PSAPI.DLL
0x00007ffc0e240000 - 0x00007ffc0e249000 	C:\WINDOWS\SYSTEM32\WSOCK32.dll
0x00007ffc07b30000 - 0x00007ffc07b3a000 	C:\WINDOWS\SYSTEM32\VERSION.dll
0x00007ffc0c080000 - 0x00007ffc0c0a4000 	C:\WINDOWS\SYSTEM32\WINMM.dll
0x00007ffc11f10000 - 0x00007ffc11f7f000 	C:\WINDOWS\System32\WS2_32.dll
0x00007ffc0c050000 - 0x00007ffc0c07d000 	C:\WINDOWS\SYSTEM32\winmmbase.dll
0x00007ffc10470000 - 0x00007ffc104ba000 	C:\WINDOWS\System32\cfgmgr32.dll
0x000000006dba0000 - 0x000000006dbaf000 	C:\Program Files\Java\jre1.8.0_121\bin\verify.dll
0x000000006db70000 - 0x000000006db99000 	C:\Program Files\Java\jre1.8.0_121\bin\java.dll
0x000000006db50000 - 0x000000006db66000 	C:\Program Files\Java\jre1.8.0_121\bin\zip.dll

VM Arguments:
jvm_args: -Dfile.encoding=UTF-8 
java_command: student.StudentManagementSystem
java_class_path (initial): C:\Users\ASUS\workspace\studentCourseManagement-master\bin;C:\Users\ASUS\workspace\studentCourseManagement-master\lib\sqljdbc42.jar
Launcher Type: SUN_STANDARD

Environment Variables:
JAVA_HOME=C:\Program Files\Java\jdk1.8.0_121\
CLASSPATH=.;C:\Program Files\Java\jdk1.8.0_121\\lib\dt.jar;C:\Program Files\Java\jdk1.8.0_121\\lib\tools.jar
PATH=C:/Program Files/Java/jre1.8.0_121/bin/server;C:/Program Files/Java/jre1.8.0_121/bin;C:/Program Files/Java/jre1.8.0_121/lib/amd64;C:\ProgramData\Oracle\Java\javapath;C:\Program Files\Python35\Scripts\;C:\Program Files\Python35\;C:\Program Files (x86)\Intel\iCLS Client\;C:\Program Files\Intel\iCLS Client\;C:\Windows\system32;C:\Windows;C:\Windows\System32\Wbem;C:\Windows\System32\WindowsPowerShell\v1.0\;C:\Program Files (x86)\Intel\Intel(R) Management Engine Components\DAL;C:\Program Files\Intel\Intel(R) Management Engine Components\DAL;C:\Program Files (x86)\Intel\Intel(R) Management Engine Components\IPT;C:\Program Files\Intel\Intel(R) Management Engine Components\IPT;C:\Program Files (x86)\NVIDIA Corporation\PhysX\Common;C:\WINDOWS\system32;C:\WINDOWS;C:\WINDOWS\System32\Wbem;C:\WINDOWS\System32\WindowsPowerShell\v1.0\;C:\Program Files\Java\jdk1.8.0_121\bin;C:\WINDOWS\System32\OpenSSH\;C:\Program Files\Python35;C:\Users\ASUS\AppData\Local\Programs\Python\Python35;"\;C:\Program Files\Java\jdk1.8.0_121\\bin;";"C:\Program Files\Java\jdk1.8.0_121\\bin;C:\Program Files\Java\jdk1.8.0_121\\jre\bin;C:\Program Files\MySQL\MySQL Server 5.7\bin;C:\Program Files\apache-tomcat-8.0.8.5.43\bin;C:\Program Files\Microsoft SQL Server\120\DTS\Binn\;C:\Program Files\Microsoft SQL Server\Client SDK\ODBC\110\Tools\Binn\;C:\Program Files (x86)\Microsoft SQL Server\120\Tools\Binn\;C:\Program Files\Microsoft SQL Server\120\Tools\Binn\;C:\Program Files (x86)\Microsoft SQL Server\120\Tools\Binn\ManagementStudio\;C:\Program Files (x86)\Microsoft SQL Server\120\DTS\Binn\;C:\Users\ASUS\AppData\Local\Microsoft\WindowsApps;;C:\Program Files (x86)\eclipse;
USERNAME=ASUS
OS=Windows_NT
PROCESSOR_IDENTIFIER=Intel64 Family 6 Model 142 Stepping 9, GenuineIntel



---------------  S Y S T E M  ---------------

OS: Windows 10.0 , 64 bit Build 18362 (10.0.18362.329)

CPU:total 4 (2 cores per cpu, 2 threads per core) family 6 model 142 stepping 9, cmov, cx8, fxsr, mmx, sse, sse2, sse3, ssse3, sse4.1, sse4.2, popcnt, avx, avx2, aes, clmul, erms, 3dnowpref, lzcnt, ht, tsc, tscinvbit, bmi1, bmi2, adx

Memory: 4k page, physical 4075804k(575604k free), swap 16658716k(5948k free)

vm_info: Java HotSpot(TM) 64-Bit Server VM (25.121-b13) for windows-amd64 JRE (1.8.0_121-b13), built on Dec 12 2016 18:21:36 by "java_re" with MS VC++ 10.0 (VS2010)

time: Sat Mar 28 08:34:31 2020
elapsed time: 0 seconds (0d 0h 0m 0s)

